<?xml version="1.0" encoding="UTF-8"?>
<!-- Generated by org.testng.reporters.JUnitXMLReporter -->
<testsuite ignored="62" hostname="Devil-World-1999JAN" failures="0" tests="1" name="Default test" time="1.632" errors="0" timestamp="2022-11-18T19:45:54 IST">
  <testcase classname="mavenproject.spotifyautomation.spotify_api" name="search" time="1.598"/>
  <testcase classname="mavenproject.spotifyautomation.spotify_api" name="getAvailabelDevices" time="0.0">
    <ignored/>
  </testcase> <!-- getAvailabelDevices -->
  <testcase classname="mavenproject.spotifyautomation.spotify_api" name="getPlaylist" time="0.0">
    <ignored/>
  </testcase> <!-- getPlaylist -->
  <testcase classname="mavenproject.spotifyautomation.spotify_api" name="getNewReleases" time="0.0">
    <ignored/>
  </testcase> <!-- getNewReleases -->
  <testcase classname="mavenproject.spotifyautomation.spotify_api" name="getShow" time="0.0">
    <ignored/>
  </testcase> <!-- getShow -->
  <testcase classname="mavenproject.spotifyautomation.spotify_api" name="deletePlaylistItems" time="0.0">
    <ignored/>
  </testcase> <!-- deletePlaylistItems -->
  <testcase classname="mavenproject.spotifyautomation.spotify_api" name="postAddItemtoPlaybackQueue" time="0.0">
    <ignored/>
  </testcase> <!-- postAddItemtoPlaybackQueue -->
  <testcase classname="mavenproject.spotifyautomation.spotify_api" name="getSearchforItem" time="0.0">
    <ignored/>
  </testcase> <!-- getSearchforItem -->
  <testcase classname="mavenproject.spotifyautomation.spotify_api" name="getTrackAudioAnalysis" time="0.0">
    <ignored/>
  </testcase> <!-- getTrackAudioAnalysis -->
  <testcase classname="mavenproject.spotifyautomation.spotify_api" name="putChangePlaylistDetails" time="0.0">
    <ignored/>
  </testcase> <!-- putChangePlaylistDetails -->
  <testcase classname="mavenproject.spotifyautomation.spotify_api" name="getSingleBrowseCategory" time="0.0">
    <ignored/>
  </testcase> <!-- getSingleBrowseCategory -->
  <testcase classname="mavenproject.spotifyautomation.spotify_api" name="getUserQueue" time="0.0">
    <ignored/>
  </testcase> <!-- getUserQueue -->
  <testcase classname="mavenproject.spotifyautomation.spotify_api" name="getAlbumTrack" time="0.0">
    <ignored/>
  </testcase> <!-- getAlbumTrack -->
  <testcase classname="mavenproject.spotifyautomation.spotify_api" name="getAudiobook" time="0.0">
    <ignored/>
  </testcase> <!-- getAudiobook -->
  <testcase classname="mavenproject.spotifyautomation.spotify_api" name="getUserTopItems" time="0.0">
    <ignored/>
  </testcase> <!-- getUserTopItems -->
  <testcase classname="mavenproject.spotifyautomation.spotify_api" name="getArtistTopTracks" time="0.0">
    <ignored/>
  </testcase> <!-- getArtistTopTracks -->
  <testcase classname="mavenproject.spotifyautomation.spotify_api" name="getSeveralAudiobooks" time="0.0">
    <ignored/>
  </testcase> <!-- getSeveralAudiobooks -->
  <testcase classname="mavenproject.spotifyautomation.spotify_api" name="getAudiobookChapters" time="0.0">
    <ignored/>
  </testcase> <!-- getAudiobookChapters -->
  <testcase classname="mavenproject.spotifyautomation.spotify_api" name="getPlaylistCoverImage" time="0.0">
    <ignored/>
  </testcase> <!-- getPlaylistCoverImage -->
  <testcase classname="mavenproject.spotifyautomation.spotify_api" name="putPausePlayback" time="0.0">
    <ignored/>
  </testcase> <!-- putPausePlayback -->
  <testcase classname="mavenproject.spotifyautomation.spotify_api" name="getCurrentlyPlayedTrack" time="0.0">
    <ignored/>
  </testcase> <!-- getCurrentlyPlayedTrack -->
  <testcase classname="mavenproject.spotifyautomation.spotify_api" name="getFeaturedPlaylist" time="0.0">
    <ignored/>
  </testcase> <!-- getFeaturedPlaylist -->
  <testcase classname="mavenproject.spotifyautomation.spotify_api" name="postItemstoPlaylist" time="0.0">
    <ignored/>
  </testcase> <!-- postItemstoPlaylist -->
  <testcase classname="mavenproject.spotifyautomation.spotify_api" name="putTransferPlayback" time="0.0">
    <ignored/>
  </testcase> <!-- putTransferPlayback -->
  <testcase classname="mavenproject.spotifyautomation.spotify_api" name="getCategoryPlaylist" time="0.0">
    <ignored/>
  </testcase> <!-- getCategoryPlaylist -->
  <testcase classname="mavenproject.spotifyautomation.spotify_api" name="getAvailableGenreSeeds" time="0.0">
    <ignored/>
  </testcase> <!-- getAvailableGenreSeeds -->
  <testcase classname="mavenproject.spotifyautomation.spotify_api" name="putFollowArtistsorUsers" time="0.0">
    <ignored/>
  </testcase> <!-- putFollowArtistsorUsers -->
  <testcase classname="mavenproject.spotifyautomation.spotify_api" name="getCheckifUsersFollowPlaylist" time="0.0">
    <ignored/>
  </testcase> <!-- getCheckifUsersFollowPlaylist -->
  <testcase classname="mavenproject.spotifyautomation.spotify_api" name="getCheckifUserFollowsArtistsorUsers" time="0.0">
    <ignored/>
  </testcase> <!-- getCheckifUserFollowsArtistsorUsers -->
  <testcase classname="mavenproject.spotifyautomation.spotify_api" name="postSkiptoNext" time="0.0">
    <ignored/>
  </testcase> <!-- postSkiptoNext -->
  <testcase classname="mavenproject.spotifyautomation.spotify_api" name="postSkiptoPrevious" time="0.0">
    <ignored/>
  </testcase> <!-- postSkiptoPrevious -->
  <testcase classname="mavenproject.spotifyautomation.spotify_api" name="deleteUnfollowArtistsorUsers" time="0.0">
    <ignored/>
  </testcase> <!-- deleteUnfollowArtistsorUsers -->
  <testcase classname="mavenproject.spotifyautomation.spotify_api" name="getArtistRealtedArtists" time="0.0">
    <ignored/>
  </testcase> <!-- getArtistRealtedArtists -->
  <testcase classname="mavenproject.spotifyautomation.spotify_api" name="getCurrentUserPlaylists" time="0.0">
    <ignored/>
  </testcase> <!-- getCurrentUserPlaylists -->
  <testcase classname="mavenproject.spotifyautomation.spotify_api" name="putSeektoPosition" time="0.0">
    <ignored/>
  </testcase> <!-- putSeektoPosition -->
  <testcase classname="mavenproject.spotifyautomation.spotify_api" name="getSeveralAlbums" time="0.0">
    <ignored/>
  </testcase> <!-- getSeveralAlbums -->
  <testcase classname="mavenproject.spotifyautomation.spotify_api" name="getSeveralArtist" time="0.0">
    <ignored/>
  </testcase> <!-- getSeveralArtist -->
  <testcase classname="mavenproject.spotifyautomation.spotify_api" name="getArtist" time="0.0">
    <ignored/>
  </testcase> <!-- getArtist -->
  <testcase classname="mavenproject.spotifyautomation.spotify_api" name="getFollowedArtists" time="0.0">
    <ignored/>
  </testcase> <!-- getFollowedArtists -->
  <testcase classname="mavenproject.spotifyautomation.spotify_api" name="getRecentlyPlayedTracks" time="0.0">
    <ignored/>
  </testcase> <!-- getRecentlyPlayedTracks -->
  <testcase classname="mavenproject.spotifyautomation.spotify_api" name="getPlaybackState" time="0.0">
    <ignored/>
  </testcase> <!-- getPlaybackState -->
  <testcase classname="mavenproject.spotifyautomation.spotify_api" name="getParticularUser" time="0.0">
    <ignored/>
  </testcase> <!-- getParticularUser -->
  <testcase classname="mavenproject.spotifyautomation.spotify_api" name="putSetPlaybackVolume" time="0.0">
    <ignored/>
  </testcase> <!-- putSetPlaybackVolume -->
  <testcase classname="mavenproject.spotifyautomation.spotify_api" name="putTooglePlaybackShuffle" time="0.0">
    <ignored/>
  </testcase> <!-- putTooglePlaybackShuffle -->
  <testcase classname="mavenproject.spotifyautomation.spotify_api" name="get" time="0.0">
    <ignored/>
  </testcase> <!-- get -->
  <testcase classname="mavenproject.spotifyautomation.spotify_api" name="getSeveralBrowseCatagories" time="0.0">
    <ignored/>
  </testcase> <!-- getSeveralBrowseCatagories -->
  <testcase classname="mavenproject.spotifyautomation.spotify_api" name="getAvailableMarkets" time="0.0">
    <ignored/>
  </testcase> <!-- getAvailableMarkets -->
  <testcase classname="mavenproject.spotifyautomation.spotify_api" name="putRepeatMode" time="0.0">
    <ignored/>
  </testcase> <!-- putRepeatMode -->
  <testcase classname="mavenproject.spotifyautomation.spotify_api" name="putUpdatePlaylistItem" time="0.0">
    <ignored/>
  </testcase> <!-- putUpdatePlaylistItem -->
  <testcase classname="mavenproject.spotifyautomation.spotify_api" name="getAlbum" time="0.0">
    <ignored/>
  </testcase> <!-- getAlbum -->
  <testcase classname="mavenproject.spotifyautomation.spotify_api" name="getUsersPlaylist" time="0.0">
    <ignored/>
  </testcase> <!-- getUsersPlaylist -->
  <testcase classname="mavenproject.spotifyautomation.spotify_api" name="putStartResumePlayback" time="0.0">
    <ignored/>
  </testcase> <!-- putStartResumePlayback -->
  <testcase classname="mavenproject.spotifyautomation.spotify_api" name="postCreatePlaylist" time="0.0">
    <ignored/>
  </testcase> <!-- postCreatePlaylist -->
  <testcase classname="mavenproject.spotifyautomation.spotify_api" name="getShowEpisodes" time="0.0">
    <ignored/>
  </testcase> <!-- getShowEpisodes -->
  <testcase classname="mavenproject.spotifyautomation.spotify_api" name="getRecommendations" time="0.0">
    <ignored/>
  </testcase> <!-- getRecommendations -->
  <testcase classname="mavenproject.spotifyautomation.spotify_api" name="getSeveralShows" time="0.0">
    <ignored/>
  </testcase> <!-- getSeveralShows -->
  <testcase classname="mavenproject.spotifyautomation.spotify_api" name="getArtistAlbum" time="0.0">
    <ignored/>
  </testcase> <!-- getArtistAlbum -->
  <testcase classname="mavenproject.spotifyautomation.spotify_api" name="getTrackAudioFeaturesIds" time="0.0">
    <ignored/>
  </testcase> <!-- getTrackAudioFeaturesIds -->
  <testcase classname="mavenproject.spotifyautomation.spotify_api" name="getSeveralTracks" time="0.0">
    <ignored/>
  </testcase> <!-- getSeveralTracks -->
  <testcase classname="mavenproject.spotifyautomation.spotify_api" name="getTracks" time="0.0">
    <ignored/>
  </testcase> <!-- getTracks -->
  <testcase classname="mavenproject.spotifyautomation.spotify_api" name="putFollowPlaylist" time="0.0">
    <ignored/>
  </testcase> <!-- putFollowPlaylist -->
  <testcase classname="mavenproject.spotifyautomation.spotify_api" name="putCustomPlaylistCoverImage" time="0.0">
    <ignored/>
  </testcase> <!-- putCustomPlaylistCoverImage -->
  <testcase classname="mavenproject.spotifyautomation.spotify_api" name="deleteUnfollowPlaylist" time="0.0">
    <ignored/>
  </testcase> <!-- deleteUnfollowPlaylist -->
</testsuite> <!-- Default test -->
