<?xml version="1.0" encoding="UTF-8"?>
<testng-results ignored="62" total="63" passed="1" failed="0" skipped="0">
  <reporter-output>
  </reporter-output>
  <suite started-at="2022-11-18T19:45:53 IST" name="Default suite" finished-at="2022-11-18T19:45:54 IST" duration-ms="1632">
    <groups>
    </groups>
    <test started-at="2022-11-18T19:45:53 IST" name="Default test" finished-at="2022-11-18T19:45:54 IST" duration-ms="1632">
      <class name="mavenproject.spotifyautomation.spotify_api">
        <test-method signature="search()[pri:0, instance:mavenproject.spotifyautomation.spotify_api@22e357dc]" started-at="2022-11-18T19:45:53 IST" name="search" finished-at="2022-11-18T19:45:54 IST" duration-ms="1598" status="PASS">
          <reporter-output>
          </reporter-output>
        </test-method> <!-- search -->
      </class> <!-- mavenproject.spotifyautomation.spotify_api -->
    </test> <!-- Default test -->
  </suite> <!-- Default suite -->
</testng-results>
